Force Restart 3
[32m[Nest] 38424  - [39m13/03/2026, 10:28:55 p.m. [32m    LOG[39m [38;5;3m[NestFactory] [39m[32mStarting Nest application...[39m
[32m[Nest] 38424  - [39m13/03/2026, 10:28:55 p.m. [32m    LOG[39m [38;5;3m[InstanceLoader] [39m[32mTypeOrmModule dependencies initialized[39m[38;5;3m +254ms[39m
[32m[Nest] 38424  - [39m13/03/2026, 10:28:55 p.m. [32m    LOG[39m [38;5;3m[InstanceLoader] [39m[32mCatalogosModule dependencies initialized[39m[38;5;3m +1ms[39m
[32m[Nest] 38424  - [39m13/03/2026, 10:28:55 p.m. [32m    LOG[39m [38;5;3m[InstanceLoader] [39m[32mConfigHostModule dependencies initialized[39m[38;5;3m +2ms[39m
[32m[Nest] 38424  - [39m13/03/2026, 10:28:55 p.m. [32m    LOG[39m [38;5;3m[InstanceLoader] [39m[32mThrottlerModule dependencies initialized[39m[38;5;3m +1ms[39m
[32m[Nest] 38424  - [39m13/03/2026, 10:28:55 p.m. [32m    LOG[39m [38;5;3m[InstanceLoader] [39m[32mDiscoveryModule dependencies initialized[39m[38;5;3m +8ms[39m
[32m[Nest] 38424  - [39m13/03/2026, 10:28:55 p.m. [32m    LOG[39m [38;5;3m[InstanceLoader] [39m[32mConfigModule dependencies initialized[39m[38;5;3m +12ms[39m
[32m[Nest] 38424  - [39m13/03/2026, 10:28:55 p.m. [32m    LOG[39m [38;5;3m[InstanceLoader] [39m[32mServeStaticModule dependencies initialized[39m[38;5;3m +1ms[39m
[32m[Nest] 38424  - [39m13/03/2026, 10:28:55 p.m. [32m    LOG[39m [38;5;3m[InstanceLoader] [39m[32mScheduleModule dependencies initialized[39m[38;5;3m +0ms[39m
[32m[Nest] 38424  - [39m13/03/2026, 10:28:55 p.m. [32m    LOG[39m [38;5;3m[InstanceLoader] [39m[32mUploadModule dependencies initialized[39m[38;5;3m +553ms[39m
[32m[Nest] 38424  - [39m13/03/2026, 10:28:56 p.m. [32m    LOG[39m [38;5;3m[InstanceLoader] [39m[32mTypeOrmCoreModule dependencies initialized[39m[38;5;3m +756ms[39m
[32m[Nest] 38424  - [39m13/03/2026, 10:28:56 p.m. [32m    LOG[39m [38;5;3m[InstanceLoader] [39m[32mTypeOrmModule dependencies initialized[39m[38;5;3m +1ms[39m
[32m[Nest] 38424  - [39m13/03/2026, 10:28:56 p.m. [32m    LOG[39m [38;5;3m[InstanceLoader] [39m[32mTypeOrmModule dependencies initialized[39m[38;5;3m +0ms[39m
[32m[Nest] 38424  - [39m13/03/2026, 10:28:56 p.m. [32m    LOG[39m [38;5;3m[InstanceLoader] [39m[32mTypeOrmModule dependencies initialized[39m[38;5;3m +0ms[39m
[32m[Nest] 38424  - [39m13/03/2026, 10:28:56 p.m. [32m    LOG[39m [38;5;3m[InstanceLoader] [39m[32mTypeOrmModule dependencies initialized[39m[38;5;3m +0ms[39m
[32m[Nest] 38424  - [39m13/03/2026, 10:28:56 p.m. [32m    LOG[39m [38;5;3m[InstanceLoader] [39m[32mTypeOrmModule dependencies initialized[39m[38;5;3m +0ms[39m
[32m[Nest] 38424  - [39m13/03/2026, 10:28:56 p.m. [32m    LOG[39m [38;5;3m[InstanceLoader] [39m[32mTypeOrmModule dependencies initialized[39m[38;5;3m +0ms[39m
[32m[Nest] 38424  - [39m13/03/2026, 10:28:56 p.m. [32m    LOG[39m [38;5;3m[InstanceLoader] [39m[32mTypeOrmModule dependencies initialized[39m[38;5;3m +0ms[39m
[32m[Nest] 38424  - [39m13/03/2026, 10:28:56 p.m. [32m    LOG[39m [38;5;3m[InstanceLoader] [39m[32mTypeOrmModule dependencies initialized[39m[38;5;3m +0ms[39m
[32m[Nest] 38424  - [39m13/03/2026, 10:28:56 p.m. [32m    LOG[39m [38;5;3m[InstanceLoader] [39m[32mTypeOrmModule dependencies initialized[39m[38;5;3m +0ms[39m
[32m[Nest] 38424  - [39m13/03/2026, 10:28:56 p.m. [32m    LOG[39m [38;5;3m[InstanceLoader] [39m[32mTypeOrmModule dependencies initialized[39m[38;5;3m +0ms[39m
[32m[Nest] 38424  - [39m13/03/2026, 10:28:56 p.m. [32m    LOG[39m [38;5;3m[InstanceLoader] [39m[32mTypeOrmModule dependencies initialized[39m[38;5;3m +0ms[39m
[32m[Nest] 38424  - [39m13/03/2026, 10:28:56 p.m. [32m    LOG[39m [38;5;3m[InstanceLoader] [39m[32mTypeOrmModule dependencies initialized[39m[38;5;3m +0ms[39m
[32m[Nest] 38424  - [39m13/03/2026, 10:28:56 p.m. [32m    LOG[39m [38;5;3m[InstanceLoader] [39m[32mTypeOrmModule dependencies initialized[39m[38;5;3m +0ms[39m
[32m[Nest] 38424  - [39m13/03/2026, 10:28:56 p.m. [32m    LOG[39m [38;5;3m[InstanceLoader] [39m[32mTypeOrmModule dependencies initialized[39m[38;5;3m +0ms[39m
[32m[Nest] 38424  - [39m13/03/2026, 10:28:56 p.m. [32m    LOG[39m [38;5;3m[InstanceLoader] [39m[32mTypeOrmModule dependencies initialized[39m[38;5;3m +0ms[39m
[32m[Nest] 38424  - [39m13/03/2026, 10:28:56 p.m. [32m    LOG[39m [38;5;3m[InstanceLoader] [39m[32mTypeOrmModule dependencies initialized[39m[38;5;3m +0ms[39m
[32m[Nest] 38424  - [39m13/03/2026, 10:28:56 p.m. [32m    LOG[39m [38;5;3m[InstanceLoader] [39m[32mTypeOrmModule dependencies initialized[39m[38;5;3m +1ms[39m
[32m[Nest] 38424  - [39m13/03/2026, 10:28:56 p.m. [32m    LOG[39m [38;5;3m[InstanceLoader] [39m[32mDashboardModule dependencies initialized[39m[38;5;3m +9ms[39m
[32m[Nest] 38424  - [39m13/03/2026, 10:28:56 p.m. [32m    LOG[39m [38;5;3m[InstanceLoader] [39m[32mPagoProveedorModule dependencies initialized[39m[38;5;3m +0ms[39m
[32m[Nest] 38424  - [39m13/03/2026, 10:28:56 p.m. [32m    LOG[39m [38;5;3m[InstanceLoader] [39m[32mRegimenFiscalModule dependencies initialized[39m[38;5;3m +0ms[39m
[32m[Nest] 38424  - [39m13/03/2026, 10:28:56 p.m. [32m    LOG[39m [38;5;3m[InstanceLoader] [39m[32mFormaPagoModule dependencies initialized[39m[38;5;3m +0ms[39m
[32m[Nest] 38424  - [39m13/03/2026, 10:28:56 p.m. [32m    LOG[39m [38;5;3m[InstanceLoader] [39m[32mMetodoPagoModule dependencies initialized[39m[38;5;3m +0ms[39m
[32m[Nest] 38424  - [39m13/03/2026, 10:28:56 p.m. [32m    LOG[39m [38;5;3m[InstanceLoader] [39m[32mUsoCfdiModule dependencies initialized[39m[38;5;3m +0ms[39m
[32m[Nest] 38424  - [39m13/03/2026, 10:28:56 p.m. [32m    LOG[39m [38;5;3m[InstanceLoader] [39m[32mEstadoModule dependencies initialized[39m[38;5;3m +1ms[39m
[32m[Nest] 38424  - [39m13/03/2026, 10:28:56 p.m. [32m    LOG[39m [38;5;3m[InstanceLoader] [39m[32mMunicipioModule dependencies initialized[39m[38;5;3m +0ms[39m
[32m[Nest] 38424  - [39m13/03/2026, 10:28:56 p.m. [32m    LOG[39m [38;5;3m[InstanceLoader] [39m[32mClaveProdServModule dependencies initialized[39m[38;5;3m +0ms[39m
[32m[Nest] 38424  - [39m13/03/2026, 10:28:56 p.m. [32m    LOG[39m [38;5;3m[InstanceLoader] [39m[32mClaveUnidadModule dependencies initialized[39m[38;5;3m +0ms[39m
[32m[Nest] 38424  - [39m13/03/2026, 10:28:56 p.m. [32m    LOG[39m [38;5;3m[InstanceLoader] [39m[32mPagoModule dependencies initialized[39m[38;5;3m +0ms[39m
[32m[Nest] 38424  - [39m13/03/2026, 10:28:56 p.m. [32m    LOG[39m [38;5;3m[InstanceLoader] [39m[32mAppModule dependencies initialized[39m[38;5;3m +0ms[39m
[32m[Nest] 38424  - [39m13/03/2026, 10:28:56 p.m. [32m    LOG[39m [38;5;3m[InstanceLoader] [39m[32mUnidadModule dependencies initialized[39m[38;5;3m +1ms[39m
[32m[Nest] 38424  - [39m13/03/2026, 10:28:56 p.m. [32m    LOG[39m [38;5;3m[InstanceLoader] [39m[32mObjetoImpuestoModule dependencies initialized[39m[38;5;3m +0ms[39m
[32m[Nest] 38424  - [39m13/03/2026, 10:28:56 p.m. [32m    LOG[39m [38;5;3m[InstanceLoader] [39m[32mAuthModule dependencies initialized[39m[38;5;3m +0ms[39m
[32m[Nest] 38424  - [39m13/03/2026, 10:28:56 p.m. [32m    LOG[39m [38;5;3m[InstanceLoader] [39m[32mCompraModule dependencies initialized[39m[38;5;3m +1ms[39m
[32m[Nest] 38424  - [39m13/03/2026, 10:28:56 p.m. [32m    LOG[39m [38;5;3m[InstanceLoader] [39m[32mClienteModule dependencies initialized[39m[38;5;3m +0ms[39m
[32m[Nest] 38424  - [39m13/03/2026, 10:28:56 p.m. [32m    LOG[39m [38;5;3m[InstanceLoader] [39m[32mProveedorModule dependencies initialized[39m[38;5;3m +0ms[39m
[32m[Nest] 38424  - [39m13/03/2026, 10:28:56 p.m. [32m    LOG[39m [38;5;3m[InstanceLoader] [39m[32mProductoModule dependencies initialized[39m[38;5;3m +0ms[39m
[32m[Nest] 38424  - [39m13/03/2026, 10:28:56 p.m. [32m    LOG[39m [38;5;3m[InstanceLoader] [39m[32mCategoriaModule dependencies initialized[39m[38;5;3m +0ms[39m
[32m[Nest] 38424  - [39m13/03/2026, 10:28:56 p.m. [32m    LOG[39m [38;5;3m[InstanceLoader] [39m[32mAuditoriaModule dependencies initialized[39m[38;5;3m +0ms[39m
[32m[Nest] 38424  - [39m13/03/2026, 10:28:56 p.m. [32m    LOG[39m [38;5;3m[InstanceLoader] [39m[32mVentaModule dependencies initialized[39m[38;5;3m +1ms[39m
[32m[Nest] 38424  - [39m13/03/2026, 10:28:56 p.m. [32m    LOG[39m [38;5;3m[InstanceLoader] [39m[32mCotizacionModule dependencies initialized[39m[38;5;3m +0ms[39m
[32m[Nest] 38424  - [39m13/03/2026, 10:28:56 p.m. [32m    LOG[39m [38;5;3m[InstanceLoader] [39m[32mReportesModule dependencies initialized[39m[38;5;3m +0ms[39m
[32m[Nest] 38424  - [39m13/03/2026, 10:28:56 p.m. [32m    LOG[39m [38;5;3m[InstanceLoader] [39m[32mFinanzasModule dependencies initialized[39m[38;5;3m +0ms[39m
[32m[Nest] 38424  - [39m13/03/2026, 10:28:56 p.m. [32m    LOG[39m [38;5;3m[RoutesResolver] [39m[32mClienteController {/api/v1/cliente}:[39m[38;5;3m +75ms[39m
[32m[Nest] 38424  - [39m13/03/2026, 10:28:56 p.m. [32m    LOG[39m [38;5;3m[RouterExplorer] [39m[32mMapped {/api/v1/cliente, POST} route[39m[38;5;3m +34ms[39m
[32m[Nest] 38424  - [39m13/03/2026, 10:28:56 p.m. [32m    LOG[39m [38;5;3m[RouterExplorer] [39m[32mMapped {/api/v1/cliente, GET} route[39m[38;5;3m +1ms[39m
[32m[Nest] 38424  - [39m13/03/2026, 10:28:56 p.m. [32m    LOG[39m [38;5;3m[RouterExplorer] [39m[32mMapped {/api/v1/cliente/:id, GET} route[39m[38;5;3m +10ms[39m
[32m[Nest] 38424  - [39m13/03/2026, 10:28:56 p.m. [32m    LOG[39m [38;5;3m[RouterExplorer] [39m[32mMapped {/api/v1/cliente/:id, PUT} route[39m[38;5;3m +1ms[39m
[32m[Nest] 38424  - [39m13/03/2026, 10:28:56 p.m. [32m    LOG[39m [38;5;3m[RouterExplorer] [39m[32mMapped {/api/v1/cliente/:id, DELETE} route[39m[38;5;3m +2ms[39m
[32m[Nest] 38424  - [39m13/03/2026, 10:28:56 p.m. [32m    LOG[39m [38;5;3m[RoutesResolver] [39m[32mProveedorController {/api/v1/proveedores}:[39m[38;5;3m +0ms[39m
[32m[Nest] 38424  - [39m13/03/2026, 10:28:56 p.m. [32m    LOG[39m [38;5;3m[RouterExplorer] [39m[32mMapped {/api/v1/proveedores, POST} route[39m[38;5;3m +8ms[39m
[32m[Nest] 38424  - [39m13/03/2026, 10:28:56 p.m. [32m    LOG[39m [38;5;3m[RouterExplorer] [39m[32mMapped {/api/v1/proveedores, GET} route[39m[38;5;3m +1ms[39m
[32m[Nest] 38424  - [39m13/03/2026, 10:28:56 p.m. [32m    LOG[39m [38;5;3m[RouterExplorer] [39m[32mMapped {/api/v1/proveedores/:id, GET} route[39m[38;5;3m +0ms[39m
[32m[Nest] 38424  - [39m13/03/2026, 10:28:56 p.m. [32m    LOG[39m [38;5;3m[RouterExplorer] [39m[32mMapped {/api/v1/proveedores/:id, PUT} route[39m[38;5;3m +1ms[39m
[32m[Nest] 38424  - [39m13/03/2026, 10:28:56 p.m. [32m    LOG[39m [38;5;3m[RouterExplorer] [39m[32mMapped {/api/v1/proveedores/:id, DELETE} route[39m[38;5;3m +1ms[39m
[32m[Nest] 38424  - [39m13/03/2026, 10:28:56 p.m. [32m    LOG[39m [38;5;3m[RoutesResolver] [39m[32mProductoController {/api/v1/producto}:[39m[38;5;3m +0ms[39m
[32m[Nest] 38424  - [39m13/03/2026, 10:28:56 p.m. [32m    LOG[39m [38;5;3m[RouterExplorer] [39m[32mMapped {/api/v1/producto, POST} route[39m[38;5;3m +1ms[39m
[32m[Nest] 38424  - [39m13/03/2026, 10:28:56 p.m. [32m    LOG[39m [38;5;3m[RouterExplorer] [39m[32mMapped {/api/v1/producto, GET} route[39m[38;5;3m +0ms[39m
[32m[Nest] 38424  - [39m13/03/2026, 10:28:56 p.m. [32m    LOG[39m [38;5;3m[RouterExplorer] [39m[32mMapped {/api/v1/producto/smart-restock, GET} route[39m[38;5;3m +1ms[39m
[32m[Nest] 38424  - [39m13/03/2026, 10:28:56 p.m. [32m    LOG[39m [38;5;3m[RouterExplorer] [39m[32mMapped {/api/v1/producto/prediccion-compras, GET} route[39m[38;5;3m +0ms[39m
[32m[Nest] 38424  - [39m13/03/2026, 10:28:56 p.m. [32m    LOG[39m [38;5;3m[RouterExplorer] [39m[32mMapped {/api/v1/producto/prediccion-compras/refresh, POST} route[39m[38;5;3m +7ms[39m
[32m[Nest] 38424  - [39m13/03/2026, 10:28:56 p.m. [32m    LOG[39m [38;5;3m[RouterExplorer] [39m[32mMapped {/api/v1/producto/:id, GET} route[39m[38;5;3m +1ms[39m
[32m[Nest] 38424  - [39m13/03/2026, 10:28:56 p.m. [32m    LOG[39m [38;5;3m[RouterExplorer] [39m[32mMapped {/api/v1/producto/:id, PUT} route[39m[38;5;3m +0ms[39m
[32m[Nest] 38424  - [39m13/03/2026, 10:28:56 p.m. [32m    LOG[39m [38;5;3m[RouterExplorer] [39m[32mMapped {/api/v1/producto/:id, DELETE} route[39m[38;5;3m +1ms[39m
[32m[Nest] 38424  - [39m13/03/2026, 10:28:56 p.m. [32m    LOG[39m [38;5;3m[RouterExplorer] [39m[32mMapped {/api/v1/producto/:id/kardex, GET} route[39m[38;5;3m +0ms[39m
[32m[Nest] 38424  - [39m13/03/2026, 10:28:56 p.m. [32m    LOG[39m [38;5;3m[RouterExplorer] [39m[32mMapped {/api/v1/producto/:id/historial-precios, GET} route[39m[38;5;3m +14ms[39m
[32m[Nest] 38424  - [39m13/03/2026, 10:28:56 p.m. [32m    LOG[39m [38;5;3m[RouterExplorer] [39m[32mMapped {/api/v1/producto/:id/equivalentes, GET} route[39m[38;5;3m +0ms[39m
[32m[Nest] 38424  - [39m13/03/2026, 10:28:56 p.m. [32m    LOG[39m [38;5;3m[RouterExplorer] [39m[32mMapped {/api/v1/producto/:id/equivalentes/:idEq, POST} route[39m[38;5;3m +1ms[39m
[32m[Nest] 38424  - [39m13/03/2026, 10:28:56 p.m. [32m    LOG[39m [38;5;3m[RouterExplorer] [39m[32mMapped {/api/v1/producto/:id/equivalentes/:idEq, DELETE} route[39m[38;5;3m +0ms[39m
[32m[Nest] 38424  - [39m13/03/2026, 10:28:56 p.m. [32m    LOG[39m [38;5;3m[RoutesResolver] [39m[32mCategoriaController {/api/v1/categoria}:[39m[38;5;3m +0ms[39m
[32m[Nest] 38424  - [39m13/03/2026, 10:28:56 p.m. [32m    LOG[39m [38;5;3m[RouterExplorer] [39m[32mMapped {/api/v1/categoria, POST} route[39m[38;5;3m +10ms[39m
[32m[Nest] 38424  - [39m13/03/2026, 10:28:56 p.m. [32m    LOG[39m [38;5;3m[RouterExplorer] [39m[32mMapped {/api/v1/categoria, GET} route[39m[38;5;3m +0ms[39m
[32m[Nest] 38424  - [39m13/03/2026, 10:28:56 p.m. [32m    LOG[39m [38;5;3m[RouterExplorer] [39m[32mMapped {/api/v1/categoria/:id, GET} route[39m[38;5;3m +1ms[39m
[32m[Nest] 38424  - [39m13/03/2026, 10:28:56 p.m. [32m    LOG[39m [38;5;3m[RouterExplorer] [39m[32mMapped {/api/v1/categoria/:id, PUT} route[39m[38;5;3m +0ms[39m
[32m[Nest] 38424  - [39m13/03/2026, 10:28:56 p.m. [32m    LOG[39m [38;5;3m[RouterExplorer] [39m[32mMapped {/api/v1/categoria/:id, DELETE} route[39m[38;5;3m +1ms[39m
[32m[Nest] 38424  - [39m13/03/2026, 10:28:56 p.m. [32m    LOG[39m [38;5;3m[RoutesResolver] [39m[32mRegimenFiscalController {/api/v1/catalogos/regimen-fiscal}:[39m[38;5;3m +0ms[39m
[32m[Nest] 38424  - [39m13/03/2026, 10:28:56 p.m. [32m    LOG[39m [38;5;3m[RouterExplorer] [39m[32mMapped {/api/v1/catalogos/regimen-fiscal, GET} route[39m[38;5;3m +0ms[39m
[32m[Nest] 38424  - [39m13/03/2026, 10:28:56 p.m. [32m    LOG[39m [38;5;3m[RoutesResolver] [39m[32mFormaPagoController {/api/v1/catalogos/forma-pago}:[39m[38;5;3m +10ms[39m
[32m[Nest] 38424  - [39m13/03/2026, 10:28:56 p.m. [32m    LOG[39m [38;5;3m[RouterExplorer] [39m[32mMapped {/api/v1/catalogos/forma-pago, GET} route[39m[38;5;3m +0ms[39m
[32m[Nest] 38424  - [39m13/03/2026, 10:28:56 p.m. [32m    LOG[39m [38;5;3m[RoutesResolver] [39m[32mMetodoPagoController {/api/v1/catalogos/metodo-pago}:[39m[38;5;3m +0ms[39m
[32m[Nest] 38424  - [39m13/03/2026, 10:28:56 p.m. [32m    LOG[39m [38;5;3m[RouterExplorer] [39m[32mMapped {/api/v1/catalogos/metodo-pago, GET} route[39m[38;5;3m +1ms[39m
[32m[Nest] 38424  - [39m13/03/2026, 10:28:56 p.m. [32m    LOG[39m [38;5;3m[RoutesResolver] [39m[32mUsoCfdiController {/api/v1/catalogos/uso-cfdi}:[39m[38;5;3m +0ms[39m
[32m[Nest] 38424  - [39m13/03/2026, 10:28:56 p.m. [32m    LOG[39m [38;5;3m[RouterExplorer] [39m[32mMapped {/api/v1/catalogos/uso-cfdi, GET} route[39m[38;5;3m +0ms[39m
[32m[Nest] 38424  - [39m13/03/2026, 10:28:56 p.m. [32m    LOG[39m [38;5;3m[RoutesResolver] [39m[32mEstadoController {/api/v1/catalogos/estado}:[39m[38;5;3m +1ms[39m
[32m[Nest] 38424  - [39m13/03/2026, 10:28:56 p.m. [32m    LOG[39m [38;5;3m[RouterExplorer] [39m[32mMapped {/api/v1/catalogos/estado, GET} route[39m[38;5;3m +0ms[39m
[32m[Nest] 38424  - [39m13/03/2026, 10:28:56 p.m. [32m    LOG[39m [38;5;3m[RoutesResolver] [39m[32mMunicipioController {/api/v1/catalogos/municipio}:[39m[38;5;3m +8ms[39m
[32m[Nest] 38424  - [39m13/03/2026, 10:28:56 p.m. [32m    LOG[39m [38;5;3m[RouterExplorer] [39m[32mMapped {/api/v1/catalogos/municipio/por-estado/:claveEstado, GET} route[39m[38;5;3m +1ms[39m
[32m[Nest] 38424  - [39m13/03/2026, 10:28:56 p.m. [32m    LOG[39m [38;5;3m[RoutesResolver] [39m[32mClaveProdServController {/api/v1/catalogos/clave-prod-serv}:[39m[38;5;3m +0ms[39m
[32m[Nest] 38424  - [39m13/03/2026, 10:28:56 p.m. [32m    LOG[39m [38;5;3m[RouterExplorer] [39m[32mMapped {/api/v1/catalogos/clave-prod-serv/buscar, GET} route[39m[38;5;3m +0ms[39m
[32m[Nest] 38424  - [39m13/03/2026, 10:28:56 p.m. [32m    LOG[39m [38;5;3m[RoutesResolver] [39m[32mClaveUnidadController {/api/v1/catalogos/clave-unidad}:[39m[38;5;3m +0ms[39m
[32m[Nest] 38424  - [39m13/03/2026, 10:28:56 p.m. [32m    LOG[39m [38;5;3m[RouterExplorer] [39m[32mMapped {/api/v1/catalogos/clave-unidad/buscar, GET} route[39m[38;5;3m +1ms[39m
[32m[Nest] 38424  - [39m13/03/2026, 10:28:56 p.m. [32m    LOG[39m [38;5;3m[RoutesResolver] [39m[32mUnidadController {/api/v1/catalogos/unidad}:[39m[38;5;3m +0ms[39m
[32m[Nest] 38424  - [39m13/03/2026, 10:28:56 p.m. [32m    LOG[39m [38;5;3m[RouterExplorer] [39m[32mMapped {/api/v1/catalogos/unidad, GET} route[39m[38;5;3m +1ms[39m
[32m[Nest] 38424  - [39m13/03/2026, 10:28:56 p.m. [32m    LOG[39m [38;5;3m[RoutesResolver] [39m[32mObjetoImpuestoController {/api/v1/catalogos/objeto-impuesto}:[39m[38;5;3m +1ms[39m
[32m[Nest] 38424  - [39m13/03/2026, 10:28:56 p.m. [32m    LOG[39m [38;5;3m[RouterExplorer] [39m[32mMapped {/api/v1/catalogos/objeto-impuesto, GET} route[39m[38;5;3m +0ms[39m
[32m[Nest] 38424  - [39m13/03/2026, 10:28:56 p.m. [32m    LOG[39m [38;5;3m[RoutesResolver] [39m[32mVentaController {/api/v1/venta}:[39m[38;5;3m +1ms[39m
[32m[Nest] 38424  - [39m13/03/2026, 10:28:56 p.m. [32m    LOG[39m [38;5;3m[RouterExplorer] [39m[32mMapped {/api/v1/venta, POST} route[39m[38;5;3m +0ms[39m
[32m[Nest] 38424  - [39m13/03/2026, 10:28:56 p.m. [32m    LOG[39m [38;5;3m[RouterExplorer] [39m[32mMapped {/api/v1/venta/comisiones, GET} route[39m[38;5;3m +8ms[39m
[32m[Nest] 38424  - [39m13/03/2026, 10:28:56 p.m. [32m    LOG[39m [38;5;3m[RouterExplorer] [39m[32mMapped {/api/v1/venta, GET} route[39m[38;5;3m +0ms[39m
[32m[Nest] 38424  - [39m13/03/2026, 10:28:56 p.m. [32m    LOG[39m [38;5;3m[RouterExplorer] [39m[32mMapped {/api/v1/venta/:id/detalle, GET} route[39m[38;5;3m +1ms[39m
[32m[Nest] 38424  - [39m13/03/2026, 10:28:56 p.m. [32m    LOG[39m [38;5;3m[RouterExplorer] [39m[32mMapped {/api/v1/venta/:id/pdf, GET} route[39m[38;5;3m +0ms[39m
[32m[Nest] 38424  - [39m13/03/2026, 10:28:56 p.m. [32m    LOG[39m [38;5;3m[RouterExplorer] [39m[32mMapped {/api/v1/venta/:id/enviar-correo, POST} route[39m[38;5;3m +0ms[39m
[32m[Nest] 38424  - [39m13/03/2026, 10:28:56 p.m. [32m    LOG[39m [38;5;3m[RouterExplorer] [39m[32mMapped {/api/v1/venta/:id/cancelar, POST} route[39m[38;5;3m +1ms[39m
[32m[Nest] 38424  - [39m13/03/2026, 10:28:56 p.m. [32m    LOG[39m [38;5;3m[RoutesResolver] [39m[32mAuthController {/api/v1/auth}:[39m[38;5;3m +0ms[39m
[32m[Nest] 38424  - [39m13/03/2026, 10:28:56 p.m. [32m    LOG[39m [38;5;3m[RouterExplorer] [39m[32mMapped {/api/v1/auth/login, POST} route[39m[38;5;3m +0ms[39m
[32m[Nest] 38424  - [39m13/03/2026, 10:28:56 p.m. [32m    LOG[39m [38;5;3m[RouterExplorer] [39m[32mMapped {/api/v1/auth/register, POST} route[39m[38;5;3m +1ms[39m
[32m[Nest] 38424  - [39m13/03/2026, 10:28:56 p.m. [32m    LOG[39m [38;5;3m[RoutesResolver] [39m[32mCompraController {/api/v1/compra}:[39m[38;5;3m +0ms[39m
[32m[Nest] 38424  - [39m13/03/2026, 10:28:56 p.m. [32m    LOG[39m [38;5;3m[RouterExplorer] [39m[32mMapped {/api/v1/compra, POST} route[39m[38;5;3m +1ms[39m
[32m[Nest] 38424  - [39m13/03/2026, 10:28:56 p.m. [32m    LOG[39m [38;5;3m[RouterExplorer] [39m[32mMapped {/api/v1/compra, GET} route[39m[38;5;3m +0ms[39m
[32m[Nest] 38424  - [39m13/03/2026, 10:28:56 p.m. [32m    LOG[39m [38;5;3m[RouterExplorer] [39m[32mMapped {/api/v1/compra/:id/detalle, GET} route[39m[38;5;3m +0ms[39m
[32m[Nest] 38424  - [39m13/03/2026, 10:28:56 p.m. [32m    LOG[39m [38;5;3m[RoutesResolver] [39m[32mDashboardController {/api/v1/dashboard}:[39m[38;5;3m +0ms[39m
[32m[Nest] 38424  - [39m13/03/2026, 10:28:56 p.m. [32m    LOG[39m [38;5;3m[RouterExplorer] [39m[32mMapped {/api/v1/dashboard, GET} route[39m[38;5;3m +1ms[39m
[32m[Nest] 38424  - [39m13/03/2026, 10:28:56 p.m. [32m    LOG[39m [38;5;3m[RouterExplorer] [39m[32mMapped {/api/v1/dashboard/ventas, GET} route[39m[38;5;3m +7ms[39m
[32m[Nest] 38424  - [39m13/03/2026, 10:28:56 p.m. [32m    LOG[39m [38;5;3m[RouterExplorer] [39m[32mMapped {/api/v1/dashboard/inventario, GET} route[39m[38;5;3m +0ms[39m
[32m[Nest] 38424  - [39m13/03/2026, 10:28:56 p.m. [32m    LOG[39m [38;5;3m[RouterExplorer] [39m[32mMapped {/api/v1/dashboard/clientes, GET} route[39m[38;5;3m +0ms[39m
[32m[Nest] 38424  - [39m13/03/2026, 10:28:56 p.m. [32m    LOG[39m [38;5;3m[RouterExplorer] [39m[32mMapped {/api/v1/dashboard/operaciones, GET} route[39m[38;5;3m +1ms[39m
[32m[Nest] 38424  - [39m13/03/2026, 10:28:56 p.m. [32m    LOG[39m [38;5;3m[RoutesResolver] [39m[32mCotizacionController {/api/v1/cotizacion}:[39m[38;5;3m +0ms[39m
[32m[Nest] 38424  - [39m13/03/2026, 10:28:56 p.m. [32m    LOG[39m [38;5;3m[RouterExplorer] [39m[32mMapped {/api/v1/cotizacion, POST} route[39m[38;5;3m +0ms[39m
[32m[Nest] 38424  - [39m13/03/2026, 10:28:56 p.m. [32m    LOG[39m [38;5;3m[RouterExplorer] [39m[32mMapped {/api/v1/cotizacion, GET} route[39m[38;5;3m +1ms[39m
[32m[Nest] 38424  - [39m13/03/2026, 10:28:56 p.m. [32m    LOG[39m [38;5;3m[RouterExplorer] [39m[32mMapped {/api/v1/cotizacion/:id/pdf, GET} route[39m[38;5;3m +0ms[39m
[32m[Nest] 38424  - [39m13/03/2026, 10:28:56 p.m. [32m    LOG[39m [38;5;3m[RouterExplorer] [39m[32mMapped {/api/v1/cotizacion/:id/convertir, POST} route[39m[38;5;3m +1ms[39m
[32m[Nest] 38424  - [39m13/03/2026, 10:28:56 p.m. [32m    LOG[39m [38;5;3m[RoutesResolver] [39m[32mPagoController {/api/v1/pago}:[39m[38;5;3m +0ms[39m
[32m[Nest] 38424  - [39m13/03/2026, 10:28:56 p.m. [32m    LOG[39m [38;5;3m[RouterExplorer] [39m[32mMapped {/api/v1/pago, POST} route[39m[38;5;3m +0ms[39m
[32m[Nest] 38424  - [39m13/03/2026, 10:28:56 p.m. [32m    LOG[39m [38;5;3m[RouterExplorer] [39m[32mMapped {/api/v1/pago/factura/:id, GET} route[39m[38;5;3m +1ms[39m
[32m[Nest] 38424  - [39m13/03/2026, 10:28:56 p.m. [32m    LOG[39m [38;5;3m[RouterExplorer] [39m[32mMapped {/api/v1/pago/pendientes, GET} route[39m[38;5;3m +0ms[39m
[32m[Nest] 38424  - [39m13/03/2026, 10:28:56 p.m. [32m    LOG[39m [38;5;3m[RouterExplorer] [39m[32mMapped {/api/v1/pago/pendientes/:idCliente, GET} route[39m[38;5;3m +0ms[39m
[32m[Nest] 38424  - [39m13/03/2026, 10:28:56 p.m. [32m    LOG[39m [38;5;3m[RouterExplorer] [39m[32mMapped {/api/v1/pago/pendientes-ppd/:idCliente, GET} route[39m[38;5;3m +1ms[39m
[32m[Nest] 38424  - [39m13/03/2026, 10:28:56 p.m. [32m    LOG[39m [38;5;3m[RouterExplorer] [39m[32mMapped {/api/v1/pago/rep, POST} route[39m[38;5;3m +0ms[39m
[32m[Nest] 38424  - [39m13/03/2026, 10:28:56 p.m. [32m    LOG[39m [38;5;3m[RouterExplorer] [39m[32mMapped {/api/v1/pago/rep, GET} route[39m[38;5;3m +7ms[39m
[32m[Nest] 38424  - [39m13/03/2026, 10:28:56 p.m. [32m    LOG[39m [38;5;3m[RouterExplorer] [39m[32mMapped {/api/v1/pago/rep/:id/cancelar, POST} route[39m[38;5;3m +0ms[39m
[32m[Nest] 38424  - [39m13/03/2026, 10:28:56 p.m. [32m    LOG[39m [38;5;3m[RouterExplorer] [39m[32mMapped {/api/v1/pago/:id/pdf, GET} route[39m[38;5;3m +1ms[39m
[32m[Nest] 38424  - [39m13/03/2026, 10:28:56 p.m. [32m    LOG[39m [38;5;3m[RouterExplorer] [39m[32mMapped {/api/v1/pago/:id/xml, GET} route[39m[38;5;3m +0ms[39m
[32m[Nest] 38424  - [39m13/03/2026, 10:28:56 p.m. [32m    LOG[39m [38;5;3m[RoutesResolver] [39m[32mPagoProveedorController {/api/v1/pago-proveedor}:[39m[38;5;3m +0ms[39m
[32m[Nest] 38424  - [39m13/03/2026, 10:28:56 p.m. [32m    LOG[39m [38;5;3m[RouterExplorer] [39m[32mMapped {/api/v1/pago-proveedor, POST} route[39m[38;5;3m +1ms[39m
[32m[Nest] 38424  - [39m13/03/2026, 10:28:56 p.m. [32m    LOG[39m [38;5;3m[RouterExplorer] [39m[32mMapped {/api/v1/pago-proveedor/compra/:id, GET} route[39m[38;5;3m +0ms[39m
[32m[Nest] 38424  - [39m13/03/2026, 10:28:56 p.m. [32m    LOG[39m [38;5;3m[RouterExplorer] [39m[32mMapped {/api/v1/pago-proveedor/deuda, GET} route[39m[38;5;3m +0ms[39m
[32m[Nest] 38424  - [39m13/03/2026, 10:28:56 p.m. [32m    LOG[39m [38;5;3m[RouterExplorer] [39m[32mMapped {/api/v1/pago-proveedor/deuda/:idProveedor, GET} route[39m[38;5;3m +1ms[39m
[32m[Nest] 38424  - [39m13/03/2026, 10:28:56 p.m. [32m    LOG[39m [38;5;3m[RoutesResolver] [39m[32mReportesController {/api/v1/reportes}:[39m[38;5;3m +0ms[39m
[32m[Nest] 38424  - [39m13/03/2026, 10:28:56 p.m. [32m    LOG[39m [38;5;3m[RouterExplorer] [39m[32mMapped {/api/v1/reportes/utilidad, GET} route[39m[38;5;3m +0ms[39m
[32m[Nest] 38424  - [39m13/03/2026, 10:28:56 p.m. [32m    LOG[39m [38;5;3m[RoutesResolver] [39m[32mFinanzasController {/api/v1/finanzas}:[39m[38;5;3m +0ms[39m
[32m[Nest] 38424  - [39m13/03/2026, 10:28:56 p.m. [32m    LOG[39m [38;5;3m[RouterExplorer] [39m[32mMapped {/api/v1/finanzas/gastos, POST} route[39m[38;5;3m +1ms[39m
[32m[Nest] 38424  - [39m13/03/2026, 10:28:56 p.m. [32m    LOG[39m [38;5;3m[RouterExplorer] [39m[32mMapped {/api/v1/finanzas/gastos, GET} route[39m[38;5;3m +0ms[39m
[32m[Nest] 38424  - [39m13/03/2026, 10:28:56 p.m. [32m    LOG[39m [38;5;3m[RouterExplorer] [39m[32mMapped {/api/v1/finanzas/saldos, GET} route[39m[38;5;3m +0ms[39m
[32m[Nest] 38424  - [39m13/03/2026, 10:28:56 p.m. [32m    LOG[39m [38;5;3m[RouterExplorer] [39m[32mMapped {/api/v1/finanzas/corte-pdf, GET} route[39m[38;5;3m +1ms[39m
[32m[Nest] 38424  - [39m13/03/2026, 10:28:56 p.m. [32m    LOG[39m [38;5;3m[RoutesResolver] [39m[32mUploadController {/api/v1/upload}:[39m[38;5;3m +0ms[39m
[32m[Nest] 38424  - [39m13/03/2026, 10:28:56 p.m. [32m    LOG[39m [38;5;3m[RouterExplorer] [39m[32mMapped {/api/v1/upload, POST} route[39m[38;5;3m +7ms[39m
[32m[Nest] 38424  - [39m13/03/2026, 10:28:56 p.m. [32m    LOG[39m [38;5;3m[RoutesResolver] [39m[32mAuditoriaController {/api/v1/auditoria}:[39m[38;5;3m +0ms[39m
[32m[Nest] 38424  - [39m13/03/2026, 10:28:56 p.m. [32m    LOG[39m [38;5;3m[RouterExplorer] [39m[32mMapped {/api/v1/auditoria, GET} route[39m[38;5;3m +1ms[39m
[32m[Nest] 38424  - [39m13/03/2026, 10:28:57 p.m. [32m    LOG[39m [38;5;3m[NestApplication] [39m[32mNest application successfully started[39m[38;5;3m +270ms[39m
Backend escuchando en http://localhost:3000
Forcing backend restart to refresh DB cache.
[CotizacionService] findAll args: page=1, limit=10, term='c-16'
[CotizacionService] Data query returned 1 rows
[VentaService] findAll args: page=1, limit=10, term='a48'
[VentaService] Data query returned 1 rows
