[1m[33m[33m▲ [43;33m[[43;30mWARNING[43;33m][0m [1mNG8113: CategoriaDialogComponent is not used within the template of CategoriaListComponent[0m [1m[35m[plugin angular-compiler][0m

    src/app/categoria/categoria-list/categoria-list.component.ts:29:30:
[37m      29 │     MatProgressSpinnerModule, [32mCategoriaDialogComponent[37m
         ╵                               [32m~~~~~~~~~~~~~~~~~~~~~~~~[0m


[33m▲ [43;33m[[43;30mWARNING[43;33m][0m [1mNG8113: ClienteDialogComponent is not used within the template of ClienteListComponent[0m [1m[35m[plugin angular-compiler][0m

    src/app/cliente/cliente-list/cliente-list.component.ts:29:30:
[37m      29 │     MatProgressSpinnerModule, [32mClienteDialogComponent[37m
         ╵                               [32m~~~~~~~~~~~~~~~~~~~~~~[0m


[33m▲ [43;33m[[43;30mWARNING[43;33m][0m [1mNG8113: ProductoDialogComponent is not used within the template of ProductoListComponent[0m [1m[35m[plugin angular-compiler][0m

    src/app/producto/producto-list/producto-list.component.ts:35:4:
[37m      35 │     [32mProductoDialogComponent[37m,
         ╵     [32m~~~~~~~~~~~~~~~~~~~~~~~[0m


[33m▲ [43;33m[[43;30mWARNING[43;33m][0m [1mNG8113: ProductoKardexComponent is not used within the template of ProductoListComponent[0m [1m[35m[plugin angular-compiler][0m

    src/app/producto/producto-list/producto-list.component.ts:36:4:
[37m      36 │     [32mProductoKardexComponent[37m
         ╵     [32m~~~~~~~~~~~~~~~~~~~~~~~[0m


[33m▲ [43;33m[[43;30mWARNING[43;33m][0m [1mNG8113: ProveedorDialogComponent is not used within the template of ProveedorListComponent[0m [1m[35m[plugin angular-compiler][0m

    src/app/proveedor/proveedor-list/proveedor-list.component.ts:29:30:
[37m      29 │     MatProgressSpinnerModule, [32mProveedorDialogComponent[37m
         ╵                               [32m~~~~~~~~~~~~~~~~~~~~~~~~[0m

[39m[22m
npm error Lifecycle script `start` failed with error:
npm error code 4294967295
npm error path C:\Sistema\frontend
npm error workspace frontend@0.0.0
npm error location C:\Sistema\frontend
npm error command failed
npm error command C:\WINDOWS\system32\cmd.exe /d /s /c ng serve --host 127.0.0.1
