
> start:frontend
> npm --workspace frontend run start


> frontend@0.0.0 start
> ng serve --host 127.0.0.1

[33m>[39m Building...
[32m√[39m Building...
[1mInitial chunk files[22m[2m | [22m[1mNames[22m                      [2m | [22m [1mRaw size[22m
[32mstyles.css[39m         [2m | [22m[2mstyles[22m                     [2m | [22m [36m63.37 kB[39m[2m | [22m
[32mmain.js[39m            [2m | [22m[2mmain[22m                       [2m | [22m [36m35.79 kB[39m[2m | [22m
[32mchunk-YOZNNN3V.js[39m  [2m | [22m[2m-[22m                          [2m | [22m  [36m2.16 kB[39m[2m | [22m
[32mchunk-BLGFD5BV.js[39m  [2m | [22m[2m-[22m                          [2m | [22m  [36m1.27 kB[39m[2m | [22m
[32mpolyfills.js[39m       [2m | [22m[2mpolyfills[22m                  [2m | [22m [36m95 bytes[39m[2m | [22m

[1m [22m                  [2m | [22m[1mInitial total[22m              [2m | [22m[1m102.69 kB[22m

[1mLazy chunk files[22m   [2m | [22m[1mNames[22m                      [2m | [22m [1mRaw size[22m
[32mchunk-VGRQLSBS.js[39m  [2m | [22m[2mproducto-list-component[22m    [2m | [22m[36m130.37 kB[39m[2m | [22m
[32mchunk-UKUJB2KK.js[39m  [2m | [22m[2mcliente-list-component[22m     [2m | [22m [36m52.49 kB[39m[2m | [22m
[32mchunk-56PRQUC3.js[39m  [2m | [22m[2mventa-component[22m            [2m | [22m [36m51.57 kB[39m[2m | [22m
[32mchunk-75XDVUSX.js[39m  [2m | [22m[2mproveedor-list-component[22m   [2m | [22m [36m49.94 kB[39m[2m | [22m
[32mchunk-K4CWECUU.js[39m  [2m | [22m[2mfactura-list-component[22m     [2m | [22m [36m41.88 kB[39m[2m | [22m
[32mchunk-HOEDKXHI.js[39m  [2m | [22m[2mnueva-cotizacion-component[22m [2m | [22m [36m34.50 kB[39m[2m | [22m
[32mchunk-4T4KETLT.js[39m  [2m | [22m[2mcompra-component[22m           [2m | [22m [36m34.37 kB[39m[2m | [22m
[32mchunk-4E5QDIOR.js[39m  [2m | [22m[2mcuentas-por-pagar-component[22m[2m | [22m [36m32.33 kB[39m[2m | [22m
[32mchunk-FYSLXVYD.js[39m  [2m | [22m[2mcobranza-component[22m         [2m | [22m [36m29.64 kB[39m[2m | [22m
[32mchunk-LBOEPE6L.js[39m  [2m | [22m[2mcompra-list-component[22m      [2m | [22m [36m29.33 kB[39m[2m | [22m
[32mchunk-G25JEE3B.js[39m  [2m | [22m[2mdashboard-component[22m        [2m | [22m [36m24.98 kB[39m[2m | [22m
[32mchunk-AOH3YZIU.js[39m  [2m | [22m[2mcotizacion-list-component[22m  [2m | [22m [36m21.17 kB[39m[2m | [22m
[32mchunk-6AMP32XU.js[39m  [2m | [22m[2mlogin-component[22m            [2m | [22m  [36m9.37 kB[39m[2m | [22m
[32mchunk-IAYM3X5C.js[39m  [2m | [22m[2m-[22m                          [2m | [22m  [36m4.30 kB[39m[2m | [22m
[32mchunk-O5OZL7GO.js[39m  [2m | [22m[2m-[22m                          [2m | [22m  [36m2.71 kB[39m[2m | [22m
[2m...and 5 more lazy chunks files. Use "--verbose" to show all the files.[22m

Application bundle generation complete. [5.652 seconds] - 2026-02-25T17:14:56.143Z

Watch mode enabled. Watching for file changes...
NOTE: Raw file sizes do not reflect development server per-request transformations.
  [32m➜[39m  [1mLocal[22m:   [36mhttp://127.0.0.1:[1m4200[22m/[39m
[2m[32m  ➜[39m[22m[2m  press [22m[1mh + enter[22m[2m to show help[22m
